{
  "RSpec": {
    "coverage": {
      "/home/donanobispacem/ovpd_projects/biddingdb/app/models/bid.rb": [
        1,
        1,
        null,
        1,
        1,
        1,
        null,
        null,
        null,
        null,
        null,
        null,
        null,
        null,
        null,
        null,
        null,
        1,
        null,
        1,
        0,
        null,
        null,
        1,
        1,
        0,
        0,
        0,
        null,
        0,
        null,
        null,
        null,
        null
      ],
      "/home/donanobispacem/ovpd_projects/biddingdb/spec/models/mode_spec.rb": [
        1,
        null,
        1,
        1,
        1,
        null,
        null,
        1,
        2,
        2,
        null,
        null
      ],
      "/home/donanobispacem/ovpd_projects/biddingdb/app/models/mode.rb": [
        1,
        1,
        null
      ],
      "/home/donanobispacem/ovpd_projects/biddingdb/spec/models/user_spec.rb": [
        1,
        null,
        1,
        1,
        null
      ]
    },
    "timestamp": 1459392440
  }
}
